[1207/001803.527:ERROR:process_reader_win.cc(123)] NtOpenThread: {Access Denied} A process has requested access to an object, but has not been granted those access rights. (0xc0000022)
[1207/001803.528:ERROR:exception_snapshot_win.cc(88)] thread ID 16260 not found in process
[1224/200742.203:ERROR:process_reader_win.cc(123)] NtOpenThread: {Access Denied} A process has requested access to an object, but has not been granted those access rights. (0xc0000022)
[1224/200742.206:ERROR:exception_snapshot_win.cc(88)] thread ID 17748 not found in process
[0119/131251.218:ERROR:process_reader_win.cc(123)] NtOpenThread: {Access Denied} A process has requested access to an object, but has not been granted those access rights. (0xc0000022)
[0119/131251.220:ERROR:exception_snapshot_win.cc(88)] thread ID 15708 not found in process
[0119/141500.950:ERROR:process_reader_win.cc(123)] NtOpenThread: {Access Denied} A process has requested access to an object, but has not been granted those access rights. (0xc0000022)
[0119/141500.951:ERROR:exception_snapshot_win.cc(88)] thread ID 17256 not found in process
[0119/142930.392:ERROR:process_reader_win.cc(123)] NtOpenThread: {Access Denied} A process has requested access to an object, but has not been granted those access rights. (0xc0000022)
[0119/142930.392:ERROR:exception_snapshot_win.cc(88)] thread ID 18360 not found in process
[0119/142930.392:ERROR:process_reader_win.cc(123)] NtOpenThread: {Access Denied} A process has requested access to an object, but has not been granted those access rights. (0xc0000022)
[0119/142930.393:ERROR:exception_snapshot_win.cc(88)] thread ID 15288 not found in process
[0119/143236.189:ERROR:file_io_win.cc(161)] CreateFile C:\Users\eric\AppData\Local\Temp\scoped_dir13188_636\Crashpad\settings.dat: The system cannot find the path specified. (0x3)
[0119/143236.190:ERROR:file_io_win.cc(170)] CreateFile C:\Users\eric\AppData\Local\Temp\scoped_dir13188_636\Crashpad\reports\a940b758-45b0-417b-b946-200856bd95ab.dmp: The system cannot find the path specified. (0x3)
[0119/143236.190:ERROR:crash_report_exception_handler.cc(97)] PrepareNewCrashReport failed
[0119/143322.587:ERROR:process_reader_win.cc(123)] NtOpenThread: {Access Denied} A process has requested access to an object, but has not been granted those access rights. (0xc0000022)
[0119/143322.587:ERROR:exception_snapshot_win.cc(88)] thread ID 15056 not found in process
[0119/143344.751:ERROR:file_io_win.cc(161)] CreateFile C:\Users\eric\AppData\Local\Temp\scoped_dir14080_29647\Crashpad\settings.dat: The system cannot find the path specified. (0x3)
[0119/143344.752:ERROR:file_io_win.cc(170)] CreateFile C:\Users\eric\AppData\Local\Temp\scoped_dir14080_29647\Crashpad\reports\c4781bb6-f49d-4b96-badd-41b1deba0d87.dmp: The system cannot find the path specified. (0x3)
[0119/143344.752:ERROR:crash_report_exception_handler.cc(97)] PrepareNewCrashReport failed
[0119/143424.425:ERROR:process_reader_win.cc(123)] NtOpenThread: {Access Denied} A process has requested access to an object, but has not been granted those access rights. (0xc0000022)
[0119/143424.425:ERROR:exception_snapshot_win.cc(88)] thread ID 15048 not found in process
[0119/143916.446:ERROR:file_io_win.cc(161)] CreateFile C:\Users\eric\AppData\Local\Temp\scoped_dir17552_22746\Crashpad\settings.dat: The system cannot find the path specified. (0x3)
[0119/143916.446:ERROR:file_io_win.cc(170)] CreateFile C:\Users\eric\AppData\Local\Temp\scoped_dir17552_22746\Crashpad\reports\ab79880d-a317-4e04-8715-480b353bb444.dmp: The system cannot find the path specified. (0x3)
[0119/143916.447:ERROR:crash_report_exception_handler.cc(97)] PrepareNewCrashReport failed
[0119/144913.869:ERROR:process_reader_win.cc(123)] NtOpenThread: {Access Denied} A process has requested access to an object, but has not been granted those access rights. (0xc0000022)
[0119/144913.870:ERROR:exception_snapshot_win.cc(88)] thread ID 2248 not found in process
[0119/144913.885:ERROR:process_reader_win.cc(123)] NtOpenThread: {Access Denied} A process has requested access to an object, but has not been granted those access rights. (0xc0000022)
[0119/144913.886:ERROR:exception_snapshot_win.cc(88)] thread ID 14544 not found in process
[0119/164827.786:ERROR:process_reader_win.cc(123)] NtOpenThread: {Access Denied} A process has requested access to an object, but has not been granted those access rights. (0xc0000022)
[0119/164827.786:ERROR:exception_snapshot_win.cc(88)] thread ID 13600 not found in process
[0119/165018.777:ERROR:process_reader_win.cc(123)] NtOpenThread: {Access Denied} A process has requested access to an object, but has not been granted those access rights. (0xc0000022)
[0119/165018.777:ERROR:exception_snapshot_win.cc(88)] thread ID 4580 not found in process
[0120/143123.713:ERROR:process_reader_win.cc(123)] NtOpenThread: {Access Denied} A process has requested access to an object, but has not been granted those access rights. (0xc0000022)
[0120/143123.714:ERROR:exception_snapshot_win.cc(88)] thread ID 6900 not found in process
[0120/145208.882:ERROR:process_reader_win.cc(123)] NtOpenThread: {Access Denied} A process has requested access to an object, but has not been granted those access rights. (0xc0000022)
[0120/145208.883:ERROR:exception_snapshot_win.cc(88)] thread ID 8236 not found in process
[0120/155440.722:ERROR:process_reader_win.cc(123)] NtOpenThread: {Access Denied} A process has requested access to an object, but has not been granted those access rights. (0xc0000022)
[0120/155440.722:ERROR:exception_snapshot_win.cc(88)] thread ID 5692 not found in process
[0120/155459.094:ERROR:process_reader_win.cc(123)] NtOpenThread: {Access Denied} A process has requested access to an object, but has not been granted those access rights. (0xc0000022)
[0120/155459.094:ERROR:exception_snapshot_win.cc(88)] thread ID 7736 not found in process
[0120/155525.002:ERROR:process_reader_win.cc(123)] NtOpenThread: {Access Denied} A process has requested access to an object, but has not been granted those access rights. (0xc0000022)
[0120/155525.002:ERROR:exception_snapshot_win.cc(88)] thread ID 9424 not found in process
[0120/155648.990:ERROR:process_reader_win.cc(123)] NtOpenThread: {Access Denied} A process has requested access to an object, but has not been granted those access rights. (0xc0000022)
[0120/155648.991:ERROR:exception_snapshot_win.cc(88)] thread ID 12244 not found in process
[0124/205342.856:ERROR:process_reader_win.cc(123)] NtOpenThread: {Access Denied} A process has requested access to an object, but has not been granted those access rights. (0xc0000022)
[0124/205342.857:ERROR:exception_snapshot_win.cc(88)] thread ID 17236 not found in process
[0207/163610.126:ERROR:process_reader_win.cc(123)] NtOpenThread: {Access Denied} A process has requested access to an object, but has not been granted those access rights. (0xc0000022)
[0207/163610.128:ERROR:exception_snapshot_win.cc(88)] thread ID 16128 not found in process
[0210/213014.365:ERROR:process_reader_win.cc(123)] NtOpenThread: {Access Denied} A process has requested access to an object, but has not been granted those access rights. (0xc0000022)
[0210/213014.366:ERROR:exception_snapshot_win.cc(88)] thread ID 21076 not found in process
[0210/213224.643:ERROR:process_reader_win.cc(123)] NtOpenThread: {Access Denied} A process has requested access to an object, but has not been granted those access rights. (0xc0000022)
[0210/213224.644:ERROR:exception_snapshot_win.cc(88)] thread ID 2212 not found in process
